0 info it worked if it ends with ok
1 verbose cli [ '/usr/bin/nodejs', '/usr/bin/npm', 'run', 'console' ]
2 info using npm@3.5.2
3 info using node@v4.2.6
4 verbose run-script [ 'preconsole', 'console', 'postconsole' ]
5 info lifecycle weather-bot@0.0.0~preconsole: weather-bot@0.0.0
6 silly lifecycle weather-bot@0.0.0~preconsole: no script for preconsole, continuing
7 info lifecycle weather-bot@0.0.0~console: weather-bot@0.0.0
8 verbose lifecycle weather-bot@0.0.0~console: unsafe-perm in lifecycle true
9 verbose lifecycle weather-bot@0.0.0~console: PATH: /usr/share/npm/bin/node-gyp-bin:/home/tailess/WxKitty/node_modules/.bin:/home/tailess/bin:/home/tailess/.local/bin:/usr/local/sbin:/usr/local/bin:/usr/sbin:/usr/bin:/sbin:/bin:/usr/games:/usr/local/games:/snap/bin
10 verbose lifecycle weather-bot@0.0.0~console: CWD: /home/tailess/WxKitty
11 silly lifecycle weather-bot@0.0.0~console: Args: [ '-c', 'node . console' ]
12 silly lifecycle weather-bot@0.0.0~console: Returned: code: 1  signal: null
13 info lifecycle weather-bot@0.0.0~console: Failed to exec console script
14 verbose stack Error: weather-bot@0.0.0 console: `node . console`
14 verbose stack Exit status 1
14 verbose stack     at EventEmitter.<anonymous> (/usr/share/npm/lib/utils/lifecycle.js:232:16)
14 verbose stack     at emitTwo (events.js:87:13)
14 verbose stack     at EventEmitter.emit (events.js:172:7)
14 verbose stack     at ChildProcess.<anonymous> (/usr/share/npm/lib/utils/spawn.js:24:14)
14 verbose stack     at emitTwo (events.js:87:13)
14 verbose stack     at ChildProcess.emit (events.js:172:7)
14 verbose stack     at maybeClose (internal/child_process.js:821:16)
14 verbose stack     at Process.ChildProcess._handle.onexit (internal/child_process.js:211:5)
15 verbose pkgid weather-bot@0.0.0
16 verbose cwd /home/tailess/WxKitty
17 error Linux 4.15.0-112-generic
18 error argv "/usr/bin/nodejs" "/usr/bin/npm" "run" "console"
19 error node v4.2.6
20 error npm  v3.5.2
21 error code ELIFECYCLE
22 error weather-bot@0.0.0 console: `node . console`
22 error Exit status 1
23 error Failed at the weather-bot@0.0.0 console script 'node . console'.
23 error Make sure you have the latest version of node.js and npm installed.
23 error If you do, this is most likely a problem with the weather-bot package,
23 error not with npm itself.
23 error Tell the author that this fails on your system:
23 error     node . console
23 error You can get information on how to open an issue for this project with:
23 error     npm bugs weather-bot
23 error Or if that isn't available, you can get their info via:
23 error     npm owner ls weather-bot
23 error There is likely additional logging output above.
24 verbose exit [ 1, true ]
